<?xml version="1.0" encoding="UTF-8"?>
<!-- Generated by org.testng.reporters.JUnitReportReporter -->
<testsuite hostname="DESKTOP-SESNNIV" failures="0" tests="4" name="Vtiger.practice.Readdatafronexcel" time="0.014" errors="0" timestamp="2022-11-13T09:06:57 IST" skipped="0">
  <testcase classname="Vtiger.practice.Readdatafronexcel" name="muldatausedataprovider" time="0.002"/>
  <system-out/>
  <testcase classname="Vtiger.practice.Readdatafronexcel" name="muldatausedataprovider" time="0.001"/>
  <system-out/>
  <testcase classname="Vtiger.practice.Readdatafronexcel" name="muldatausedataprovider" time="0.007"/>
  <system-out/>
  <testcase classname="Vtiger.practice.Readdatafronexcel" name="muldatausedataprovider" time="0.004"/>
  <system-out/>
</testsuite> <!-- Vtiger.practice.Readdatafronexcel -->
